<?xml version="1.0" encoding="UTF-8"?>
<!-- Generated by org.testng.reporters.JUnitXMLReporter -->
<testsuite ignored="0" hostname="BLR-159" failures="0" tests="2" name="ChromeBrowser Test" time="0.129" errors="0" timestamp="2023-06-08T23:27:37 IST">
  <testcase classname="testBase.BaseClass" name="@BeforeClass setup" time="-1.686247057876E9">
    <failure type="org.testng.TestNGException" message="
Parameter &amp;apos;browser&amp;apos; is required by BeforeClass on method setup but has not been marked @Optional or defined
in C:\Users\karthik\eclipse-workspace\BMS-FRAMEWORK\BMS\CrossBrowser.xml">
      <![CDATA[org.testng.TestNGException: 
Parameter 'browser' is required by BeforeClass on method setup but has not been marked @Optional or defined
in C:\Users\karthik\eclipse-workspace\BMS-FRAMEWORK\BMS\CrossBrowser.xml
at java.base/java.util.ArrayList.forEach(ArrayList.java:1510)
... Removed 22 stack frames]]>
    </failure>
  </testcase> <!-- @BeforeClass setup -->
  <testcase classname="testBase.BaseClass" name="@AfterClass logout" time="0.0">
    <skipped/>
  </testcase> <!-- @AfterClass logout -->
  <testcase classname="testBase.BaseClass" name="@BeforeClass setup" time="-1.686247057946E9">
    <failure type="org.testng.TestNGException" message="
Parameter &amp;apos;browser&amp;apos; is required by BeforeClass on method setup but has not been marked @Optional or defined
in C:\Users\karthik\eclipse-workspace\BMS-FRAMEWORK\BMS\CrossBrowser.xml">
      <![CDATA[org.testng.TestNGException: 
Parameter 'browser' is required by BeforeClass on method setup but has not been marked @Optional or defined
in C:\Users\karthik\eclipse-workspace\BMS-FRAMEWORK\BMS\CrossBrowser.xml
at java.base/java.util.ArrayList.forEach(ArrayList.java:1510)
... Removed 22 stack frames]]>
    </failure>
  </testcase> <!-- @BeforeClass setup -->
  <testcase classname="testBase.BaseClass" name="@AfterClass logout" time="0.0">
    <skipped/>
  </testcase> <!-- @AfterClass logout -->
  <testcase classname="testCases.TC_001_LogOut" name="logoutTest" time="0.0">
    <skipped/>
  </testcase> <!-- logoutTest -->
  <testcase classname="testCases.TC_002_AddLead" name="AddLead" time="0.0">
    <skipped/>
  </testcase> <!-- AddLead -->
</testsuite> <!-- ChromeBrowser Test -->
